<?xml version="1.0" encoding="UTF-8"?>
<!-- Generated by org.testng.reporters.JUnitReportReporter -->
<testsuite skipped="0" hostname="DESKTOP-PUIO19L" name="tests.LoginTest" tests="1" failures="0" timestamp="2024-03-09T03:16:36 EET" time="6.833" errors="0">
  <testcase name="openLoginScreen" time="6.833" classname="tests.LoginTest"/>
</testsuite> <!-- tests.LoginTest -->
