<?xml version="1.0" encoding="UTF-8"?>
<!-- Generated by org.testng.reporters.JUnitReportReporter -->
<testsuite skipped="0" hostname="DESKTOP-PUIO19L" name="tests.CourseTest" tests="1" failures="0" timestamp="2024-03-08T19:23:54 EET" time="32.265" errors="0">
  <testcase name="fillCoursePage" time="32.265" classname="tests.CourseTest"/>
</testsuite> <!-- tests.CourseTest -->
