<?xml version="1.0" encoding="UTF-8"?>
<!-- Generated by org.testng.reporters.JUnitReportReporter -->
<testsuite hostname="DESKTOP-PUIO19L" failures="0" tests="1" name="tests.Test" time="9.727" errors="0" timestamp="2024-03-08T17:24:36 EET" skipped="0">
  <testcase classname="tests.Test" name="openApp" time="9.727"/>
  <system-out/>
</testsuite> <!-- tests.Test -->
